<?xml version="1.0" encoding="UTF-8"?>
<!-- Generated by org.testng.reporters.JUnitReportReporter -->
<testsuite skipped="0" hostname="Sagarkhalashi_QA" name="Test1" tests="3" failures="0" timestamp="15 Dec 2017 07:59:33 GMT" time="0.006" errors="0">
  <testcase name="test2" time="0.001" classname="Test1"/>
  <testcase name="test1" time="0.004" classname="Test1"/>
  <testcase name="test1" time="0.001" classname="Test1"/>
</testsuite> <!-- Test1 -->
