<?xml version="1.0" encoding="UTF-8"?>
<!-- Generated by org.testng.reporters.JUnitReportReporter -->
<testsuite skipped="0" hostname="Sagarkhalashi_QA" name="TestPack.Test2" tests="2" failures="0" timestamp="15 Dec 2017 05:00:06 GMT" time="0.002" errors="0">
  <testcase name="test2" time="0.001" classname="TestPack.Test2"/>
  <testcase name="test1" time="0.001" classname="TestPack.Test2"/>
</testsuite> <!-- TestPack.Test2 -->
